<?xml version="1.0" encoding="UTF-8"?>
<!-- Generated by org.testng.reporters.JUnitXMLReporter -->
<testsuite ignored="0" hostname="DESKTOP-BAKTOMR" failures="1" tests="1" name="Test-Suite-Chrome" time="0.482" errors="0" timestamp="2023-11-22T21:12:37 ART">
  <testcase classname="com.selenium.test.testTiendaMiaBusqueda" name="BusquedaTiendaMia" time="0.462">
    <failure type="org.testng.internal.reflect.MethodMatcherException" message="
[public void com.selenium.test.testTiendaMiaBusqueda.BusquedaTiendaMia(java.lang.String) throws java.lang.Exception] has no parameters defined but was found to be using a data provider (either explicitly specified or inherited from class level annotation).
Data provider mismatch
Method: BusquedaTiendaMia([java.lang.String arg0])
Arguments: [(java.lang.String) LAVARROPA,(java.lang.String) LAVARROPA]">
      <![CDATA[org.testng.internal.reflect.MethodMatcherException: 
[public void com.selenium.test.testTiendaMiaBusqueda.BusquedaTiendaMia(java.lang.String) throws java.lang.Exception] has no parameters defined but was found to be using a data provider (either explicitly specified or inherited from class level annotation).
Data provider mismatch
Method: BusquedaTiendaMia([java.lang.String arg0])
Arguments: [(java.lang.String) LAVARROPA,(java.lang.String) LAVARROPA]
at java.base/java.util.ArrayList.forEach(ArrayList.java:1511)
... Removed 22 stack frames]]>
    </failure>
  </testcase> <!-- BusquedaTiendaMia -->
</testsuite> <!-- Test-Suite-Chrome -->
