<?xml version="1.0" encoding="UTF-8"?>
<!-- Generated by org.testng.reporters.JUnitReportReporter -->
<testsuite hostname="DESKTOP-BAKTOMR" failures="0" tests="1" name="com.selenium.test.testTiendaMiaNavegacion" time="39.424" errors="0" timestamp="2023-11-17T02:55:19 ART" skipped="0">
  <testcase classname="com.selenium.test.testTiendaMiaNavegacion" name="ValidarBusquedaTiendaMia" time="39.424">
    <system-out>
      <![CDATA[Localizar y comprobar que el elemento popup1 exista
Se cierra el pop-up
Utilizar Actions para hacer clic en el enlace
Se verifica el elemento Pou-up exista
Localizar y comprobar que el elemento popup2 exista
Se cierra el pop-up
Utilizar Actions para hacer clic en el enlace
Verificar que el menu Categoria exista
Localizar y comprobar que el boton Ordenar Por: funcione
Sebusca Ordenar Por Menor a Mayor
Verificar que el button Ofertas exista
Localizar y comprobar que el boton Entar exista
Verificar que el boton mi cuenta exista
Localizar y comprobar que el boton Mi Cuenta exista
Entrar Button rojo
Localizar y comprobar que el boton Entar exista
Verificar que la caja de busqueda exista
Se visualiza el elemento boton ingresa
En la caja de busqueda Lavarropa
Se tipea la palabra Lavarropa
Se oreciona ENTER en la caja de busqueda ]]>
    </system-out>
  </testcase> <!-- ValidarBusquedaTiendaMia -->
  <system-out>
    <![CDATA[Abro browser
Localizar y comprobar que el elemento popup1 exista
Se cierra el pop-up
Utilizar Actions para hacer clic en el enlace
Se verifica el elemento Pou-up exista
Localizar y comprobar que el elemento popup2 exista
Se cierra el pop-up
Utilizar Actions para hacer clic en el enlace
Verificar que el menu Categoria exista
Localizar y comprobar que el boton Ordenar Por: funcione
Sebusca Ordenar Por Menor a Mayor
Verificar que el button Ofertas exista
Localizar y comprobar que el boton Entar exista
Verificar que el boton mi cuenta exista
Localizar y comprobar que el boton Mi Cuenta exista
Entrar Button rojo
Localizar y comprobar que el boton Entar exista
Verificar que la caja de busqueda exista
Se visualiza el elemento boton ingresa
En la caja de busqueda Lavarropa
Se tipea la palabra Lavarropa
Se oreciona ENTER en la caja de busqueda 
Cerrando el browser]]>
  </system-out>
</testsuite> <!-- com.selenium.test.testTiendaMiaNavegacion -->
